Determining if the pthread_create exist failed with the following output:
Change Dir: /home/konst/path_planning_algorithm_vrep_test/build/CMakeFiles/CMakeTmp

Run Build Command(s):/usr/bin/make cmTC_72d55/fast 
/usr/bin/make -f CMakeFiles/cmTC_72d55.dir/build.make CMakeFiles/cmTC_72d55.dir/build
make[1]: вход в каталог «/home/konst/path_planning_algorithm_vrep_test/build/CMakeFiles/CMakeTmp»
Building C object CMakeFiles/cmTC_72d55.dir/CheckSymbolExists.c.o
/usr/bin/cc    -o CMakeFiles/cmTC_72d55.dir/CheckSymbolExists.c.o   -c /home/konst/path_planning_algorithm_vrep_test/build/CMakeFiles/CMakeTmp/CheckSymbolExists.c
Linking C executable cmTC_72d55
/usr/local/bin/cmake -E cmake_link_script CMakeFiles/cmTC_72d55.dir/link.txt --verbose=1
/usr/bin/cc      -rdynamic CMakeFiles/cmTC_72d55.dir/CheckSymbolExists.c.o  -o cmTC_72d55 
CMakeFiles/cmTC_72d55.dir/CheckSymbolExists.c.o: In function `main':
CheckSymbolExists.c:(.text+0x1b): undefined reference to `pthread_create'
collect2: error: ld returned 1 exit status
CMakeFiles/cmTC_72d55.dir/build.make:86: recipe for target 'cmTC_72d55' failed
make[1]: *** [cmTC_72d55] Error 1
make[1]: выход из каталога «/home/konst/path_planning_algorithm_vrep_test/build/CMakeFiles/CMakeTmp»
Makefile:121: recipe for target 'cmTC_72d55/fast' failed
make: *** [cmTC_72d55/fast] Error 2

File /home/konst/path_planning_algorithm_vrep_test/build/CMakeFiles/CMakeTmp/CheckSymbolExists.c:
/* */
#include <pthread.h>

int main(int argc, char** argv)
{
  (void)argv;
#ifndef pthread_create
  return ((int*)(&pthread_create))[argc];
#else
  (void)argc;
  return 0;
#endif
}

Determining if the function pthread_create exists in the pthreads failed with the following output:
Change Dir: /home/konst/path_planning_algorithm_vrep_test/build/CMakeFiles/CMakeTmp

Run Build Command(s):/usr/bin/make cmTC_73adc/fast 
/usr/bin/make -f CMakeFiles/cmTC_73adc.dir/build.make CMakeFiles/cmTC_73adc.dir/build
make[1]: вход в каталог «/home/konst/path_planning_algorithm_vrep_test/build/CMakeFiles/CMakeTmp»
Building C object CMakeFiles/cmTC_73adc.dir/CheckFunctionExists.c.o
/usr/bin/cc   -DCHECK_FUNCTION_EXISTS=pthread_create   -o CMakeFiles/cmTC_73adc.dir/CheckFunctionExists.c.o   -c /usr/local/share/cmake-3.14/Modules/CheckFunctionExists.c
Linking C executable cmTC_73adc
/usr/local/bin/cmake -E cmake_link_script CMakeFiles/cmTC_73adc.dir/link.txt --verbose=1
/usr/bin/cc  -DCHECK_FUNCTION_EXISTS=pthread_create    -rdynamic CMakeFiles/cmTC_73adc.dir/CheckFunctionExists.c.o  -o cmTC_73adc -lpthreads 
/usr/bin/ld: cannot find -lpthreads
collect2: error: ld returned 1 exit status
CMakeFiles/cmTC_73adc.dir/build.make:86: recipe for target 'cmTC_73adc' failed
make[1]: *** [cmTC_73adc] Error 1
make[1]: выход из каталога «/home/konst/path_planning_algorithm_vrep_test/build/CMakeFiles/CMakeTmp»
Makefile:121: recipe for target 'cmTC_73adc/fast' failed
make: *** [cmTC_73adc/fast] Error 2


